# JRE version: OpenJDK Runtime Environment (8.0_312-b07) (build 1.8.0_312-8u312-b07-0ubuntu1~18.04-b07)
# Java VM: OpenJDK 64-Bit Server VM (25.312-b07 mixed mode linux-amd64 compressed oops)
Heap:
 PSYoungGen      total 70656K, used 5104K [0x00000000d6900000, 0x00000000dfa00000, 0x0000000100000000)
  eden space 65536K, 0% used [0x00000000d6900000,0x00000000d6900000,0x00000000da900000)
  from space 5120K, 99% used [0x00000000da900000,0x00000000dadfc1c0,0x00000000dae00000)
  to   space 8704K, 0% used [0x00000000df180000,0x00000000df180000,0x00000000dfa00000)
 ParOldGen       total 86016K, used 6098K [0x0000000083a00000, 0x0000000088e00000, 0x00000000d6900000)
  object space 86016K, 7% used [0x0000000083a00000,0x0000000083ff4838,0x0000000088e00000)
 Metaspace       used 20236K, capacity 21180K, committed 21296K, reserved 1067008K
  class space    used 2660K, capacity 2888K, committed 2944K, reserved 1048576K
GC Heap History (10 events):
Event: 0.833 GC heap after
Heap after GC invocations=1 (full 0):
 PSYoungGen      total 37888K, used 4355K [0x00000000d6900000, 0x00000000d9300000, 0x0000000100000000)
  eden space 32768K, 0% used [0x00000000d6900000,0x00000000d6900000,0x00000000d8900000)
  from space 5120K, 85% used [0x00000000d8900000,0x00000000d8d40d70,0x00000000d8e00000)
  to   space 5120K, 0% used [0x00000000d8e00000,0x00000000d8e00000,0x00000000d9300000)
 ParOldGen       total 86016K, used 8K [0x0000000083a00000, 0x0000000088e00000, 0x00000000d6900000)
  object space 86016K, 0% used [0x0000000083a00000,0x0000000083a02000,0x0000000088e00000)
 Metaspace       used 10793K, capacity 11022K, committed 11264K, reserved 1058816K
  class space    used 1335K, capacity 1431K, committed 1536K, reserved 1048576K
}
Event: 1.319 GC heap before
{Heap before GC invocations=2 (full 0):
 PSYoungGen      total 37888K, used 37123K [0x00000000d6900000, 0x00000000d9300000, 0x0000000100000000)
  eden space 32768K, 100% used [0x00000000d6900000,0x00000000d8900000,0x00000000d8900000)
  from space 5120K, 85% used [0x00000000d8900000,0x00000000d8d40d70,0x00000000d8e00000)
  to   space 5120K, 0% used [0x00000000d8e00000,0x00000000d8e00000,0x00000000d9300000)
 ParOldGen       total 86016K, used 8K [0x0000000083a00000, 0x0000000088e00000, 0x00000000d6900000)
  object space 86016K, 0% used [0x0000000083a00000,0x0000000083a02000,0x0000000088e00000)
 Metaspace       used 14657K, capacity 15316K, committed 15488K, reserved 1062912K
  class space    used 1919K, capacity 2080K, committed 2176K, reserved 1048576K
Event: 1.330 GC heap after
Heap after GC invocations=2 (full 0):
 PSYoungGen      total 37888K, used 5094K [0x00000000d6900000, 0x00000000db300000, 0x0000000100000000)
  eden space 32768K, 0% used [0x00000000d6900000,0x00000000d6900000,0x00000000d8900000)
  from space 5120K, 99% used [0x00000000d8e00000,0x00000000d92f9840,0x00000000d9300000)
  to   space 5120K, 0% used [0x00000000d8900000,0x00000000d8900000,0x00000000d8e00000)
 ParOldGen       total 86016K, used 1022K [0x0000000083a00000, 0x0000000088e00000, 0x00000000d6900000)
  object space 86016K, 1% used [0x0000000083a00000,0x0000000083aff9f0,0x0000000088e00000)
 Metaspace       used 14657K, capacity 15316K, committed 15488K, reserved 1062912K
  class space    used 1919K, capacity 2080K, committed 2176K, reserved 1048576K
}
Event: 1.712 GC heap before
{Heap before GC invocations=3 (full 0):
 PSYoungGen      total 37888K, used 37862K [0x00000000d6900000, 0x00000000db300000, 0x0000000100000000)
  eden space 32768K, 100% used [0x00000000d6900000,0x00000000d8900000,0x00000000d8900000)
  from space 5120K, 99% used [0x00000000d8e00000,0x00000000d92f9840,0x00000000d9300000)
  to   space 5120K, 0% used [0x00000000d8900000,0x00000000d8900000,0x00000000d8e00000)
 ParOldGen       total 86016K, used 1022K [0x0000000083a00000, 0x0000000088e00000, 0x00000000d6900000)
  object space 86016K, 1% used [0x0000000083a00000,0x0000000083aff9f0,0x0000000088e00000)
 Metaspace       used 18365K, capacity 19188K, committed 19328K, reserved 1067008K
  class space    used 2404K, capacity 2610K, committed 2688K, reserved 1048576K
Event: 1.724 GC heap after
Heap after GC invocations=3 (full 0):
 PSYoungGen      total 37888K, used 5111K [0x00000000d6900000, 0x00000000db300000, 0x0000000100000000)
  eden space 32768K, 0% used [0x00000000d6900000,0x00000000d6900000,0x00000000d8900000)
  from space 5120K, 99% used [0x00000000d8900000,0x00000000d8dfdd60,0x00000000d8e00000)
  to   space 5120K, 0% used [0x00000000dae00000,0x00000000dae00000,0x00000000db300000)
 ParOldGen       total 86016K, used 3300K [0x0000000083a00000, 0x0000000088e00000, 0x00000000d6900000)
  object space 86016K, 3% used [0x0000000083a00000,0x0000000083d391e8,0x0000000088e00000)
 Metaspace       used 18365K, capacity 19188K, committed 19328K, reserved 1067008K
  class space    used 2404K, capacity 2610K, committed 2688K, reserved 1048576K
}
Event: 1.858 GC heap before
{Heap before GC invocations=4 (full 0):
 PSYoungGen      total 37888K, used 37879K [0x00000000d6900000, 0x00000000db300000, 0x0000000100000000)
  eden space 32768K, 100% used [0x00000000d6900000,0x00000000d8900000,0x00000000d8900000)
  from space 5120K, 99% used [0x00000000d8900000,0x00000000d8dfdd60,0x00000000d8e00000)
  to   space 5120K, 0% used [0x00000000dae00000,0x00000000dae00000,0x00000000db300000)
 ParOldGen       total 86016K, used 3300K [0x0000000083a00000, 0x0000000088e00000, 0x00000000d6900000)
  object space 86016K, 3% used [0x0000000083a00000,0x0000000083d391e8,0x0000000088e00000)
 Metaspace       used 19121K, capacity 20010K, committed 20224K, reserved 1067008K
  class space    used 2501K, capacity 2709K, committed 2816K, reserved 1048576K
Event: 1.870 GC heap after
Heap after GC invocations=4 (full 0):
 PSYoungGen      total 70656K, used 5110K [0x00000000d6900000, 0x00000000db300000, 0x0000000100000000)
  eden space 65536K, 0% used [0x00000000d6900000,0x00000000d6900000,0x00000000da900000)
  from space 5120K, 99% used [0x00000000dae00000,0x00000000db2fdb88,0x00000000db300000)
  to   space 5120K, 0% used [0x00000000da900000,0x00000000da900000,0x00000000dae00000)
 ParOldGen       total 86016K, used 3953K [0x0000000083a00000, 0x0000000088e00000, 0x00000000d6900000)
  object space 86016K, 4% used [0x0000000083a00000,0x0000000083ddc5c0,0x0000000088e00000)
 Metaspace       used 19121K, capacity 20010K, committed 20224K, reserved 1067008K
  class space    used 2501K, capacity 2709K, committed 2816K, reserved 1048576K
}
Event: 2.150 GC heap before
{Heap before GC invocations=5 (full 0):
 PSYoungGen      total 70656K, used 46746K [0x00000000d6900000, 0x00000000db300000, 0x0000000100000000)
  eden space 65536K, 63% used [0x00000000d6900000,0x00000000d91a8e88,0x00000000da900000)
  from space 5120K, 99% used [0x00000000dae00000,0x00000000db2fdb88,0x00000000db300000)
  to   space 5120K, 0% used [0x00000000da900000,0x00000000da900000,0x00000000dae00000)
 ParOldGen       total 86016K, used 3953K [0x0000000083a00000, 0x0000000088e00000, 0x00000000d6900000)
  object space 86016K, 4% used [0x0000000083a00000,0x0000000083ddc5c0,0x0000000088e00000)
 Metaspace       used 20236K, capacity 21180K, committed 21296K, reserved 1067008K
  class space    used 2660K, capacity 2888K, committed 2944K, reserved 1048576K
Event: 2.158 GC heap after
Heap after GC invocations=5 (full 0):
 PSYoungGen      total 70656K, used 5104K [0x00000000d6900000, 0x00000000dfa00000, 0x0000000100000000)
  eden space 65536K, 0% used [0x00000000d6900000,0x00000000d6900000,0x00000000da900000)
  from space 5120K, 99% used [0x00000000da900000,0x00000000dadfc1c0,0x00000000dae00000)
  to   space 8704K, 0% used [0x00000000df180000,0x00000000df180000,0x00000000dfa00000)
 ParOldGen       total 86016K, used 6098K [0x0000000083a00000, 0x0000000088e00000, 0x00000000d6900000)
  object space 86016K, 7% used [0x0000000083a00000,0x0000000083ff4838,0x0000000088e00000)
 Metaspace       used 20236K, capacity 21180K, committed 21296K, reserved 1067008K
  class space    used 2660K, capacity 2888K, committed 2944K, reserved 1048576K
}
Event: 2.158 GC heap before
{Heap before GC invocations=6 (full 1):
 PSYoungGen      total 70656K, used 5104K [0x00000000d6900000, 0x00000000dfa00000, 0x0000000100000000)
  eden space 65536K, 0% used [0x00000000d6900000,0x00000000d6900000,0x00000000da900000)
  from space 5120K, 99% used [0x00000000da900000,0x00000000dadfc1c0,0x00000000dae00000)
  to   space 8704K, 0% used [0x00000000df180000,0x00000000df180000,0x00000000dfa00000)
 ParOldGen       total 86016K, used 6098K [0x0000000083a00000, 0x0000000088e00000, 0x00000000d6900000)
  object space 86016K, 7% used [0x0000000083a00000,0x0000000083ff4838,0x0000000088e00000)
 Metaspace       used 20236K, capacity 21180K, committed 21296K, reserved 1067008K
  class space    used 2660K, capacity 2888K, committed 2944K, reserved 1048576K

