# JRE version: OpenJDK Runtime Environment (8.0_312-b07) (build 1.8.0_312-8u312-b07-0ubuntu1~18.04-b07)
# Java VM: OpenJDK 64-Bit Server VM (25.312-b07 mixed mode linux-amd64 compressed oops)
Heap:
 def new generation   total 38784K, used 17596K [0x0000000083a00000, 0x0000000086410000, 0x00000000ad150000)
  eden space 34496K,  40% used [0x0000000083a00000, 0x00000000847a78b8, 0x0000000085bb0000)
  from space 4288K,  84% used [0x0000000085bb0000, 0x0000000085f37910, 0x0000000085fe0000)
  to   space 4288K,   0% used [0x0000000085fe0000, 0x0000000085fe0000, 0x0000000086410000)
 tenured generation   total 86016K, used 11412K [0x00000000ad150000, 0x00000000b2550000, 0x0000000100000000)
   the space 86016K,  13% used [0x00000000ad150000, 0x00000000adc752d0, 0x00000000adc75400, 0x00000000b2550000)
 Metaspace       used 31215K, capacity 33502K, committed 33664K, reserved 1079296K
  class space    used 4208K, capacity 4619K, committed 4736K, reserved 1048576K
GC Heap History (10 events):
Event: 4.408 GC heap before
{Heap before GC invocations=5 (full 0):
 def new generation   total 38720K, used 14817K [0x0000000083a00000, 0x0000000086400000, 0x00000000ad150000)
  eden space 34432K,  30% used [0x0000000083a00000, 0x0000000084448760, 0x0000000085ba0000)
  from space 4288K, 100% used [0x0000000085fd0000, 0x0000000086400000, 0x0000000086400000)
  to   space 4288K,   0% used [0x0000000085ba0000, 0x0000000085ba0000, 0x0000000085fd0000)
 tenured generation   total 86016K, used 4906K [0x00000000ad150000, 0x00000000b2550000, 0x0000000100000000)
   the space 86016K,   5% used [0x00000000ad150000, 0x00000000ad61ab60, 0x00000000ad61ac00, 0x00000000b2550000)
 Metaspace       used 19995K, capacity 21106K, committed 21296K, reserved 1067008K
  class space    used 2686K, capacity 2913K, committed 2944K, reserved 1048576K
Event: 4.443 GC heap after
Heap after GC invocations=6 (full 1):
 def new generation   total 38784K, used 0K [0x0000000083a00000, 0x0000000086410000, 0x00000000ad150000)
  eden space 34496K,   0% used [0x0000000083a00000, 0x0000000083a00000, 0x0000000085bb0000)
  from space 4288K,   0% used [0x0000000085bb0000, 0x0000000085bb0000, 0x0000000085fe0000)
  to   space 4288K,   0% used [0x0000000085fe0000, 0x0000000085fe0000, 0x0000000086410000)
 tenured generation   total 86016K, used 7435K [0x00000000ad150000, 0x00000000b2550000, 0x0000000100000000)
   the space 86016K,   8% used [0x00000000ad150000, 0x00000000ad892d90, 0x00000000ad892e00, 0x00000000b2550000)
 Metaspace       used 19995K, capacity 21106K, committed 21296K, reserved 1067008K
  class space    used 2686K, capacity 2913K, committed 2944K, reserved 1048576K
}
Event: 4.919 GC heap before
{Heap before GC invocations=6 (full 1):
 def new generation   total 38784K, used 34465K [0x0000000083a00000, 0x0000000086410000, 0x00000000ad150000)
  eden space 34496K,  99% used [0x0000000083a00000, 0x0000000085ba8690, 0x0000000085bb0000)
  from space 4288K,   0% used [0x0000000085bb0000, 0x0000000085bb0000, 0x0000000085fe0000)
  to   space 4288K,   0% used [0x0000000085fe0000, 0x0000000085fe0000, 0x0000000086410000)
 tenured generation   total 86016K, used 7435K [0x00000000ad150000, 0x00000000b2550000, 0x0000000100000000)
   the space 86016K,   8% used [0x00000000ad150000, 0x00000000ad892d90, 0x00000000ad892e00, 0x00000000b2550000)
 Metaspace       used 22630K, capacity 24254K, committed 24448K, reserved 1071104K
  class space    used 3052K, capacity 3371K, committed 3456K, reserved 1048576K
Event: 4.923 GC heap after
Heap after GC invocations=7 (full 1):
 def new generation   total 38784K, used 3526K [0x0000000083a00000, 0x0000000086410000, 0x00000000ad150000)
  eden space 34496K,   0% used [0x0000000083a00000, 0x0000000083a00000, 0x0000000085bb0000)
  from space 4288K,  82% used [0x0000000085fe0000, 0x0000000086351ad0, 0x0000000086410000)
  to   space 4288K,   0% used [0x0000000085bb0000, 0x0000000085bb0000, 0x0000000085fe0000)
 tenured generation   total 86016K, used 7435K [0x00000000ad150000, 0x00000000b2550000, 0x0000000100000000)
   the space 86016K,   8% used [0x00000000ad150000, 0x00000000ad892d90, 0x00000000ad892e00, 0x00000000b2550000)
 Metaspace       used 22630K, capacity 24254K, committed 24448K, reserved 1071104K
  class space    used 3052K, capacity 3371K, committed 3456K, reserved 1048576K
}
Event: 4.958 GC heap before
{Heap before GC invocations=7 (full 1):
 def new generation   total 38784K, used 38022K [0x0000000083a00000, 0x0000000086410000, 0x00000000ad150000)
  eden space 34496K, 100% used [0x0000000083a00000, 0x0000000085bb0000, 0x0000000085bb0000)
  from space 4288K,  82% used [0x0000000085fe0000, 0x0000000086351ad0, 0x0000000086410000)
  to   space 4288K,   0% used [0x0000000085bb0000, 0x0000000085bb0000, 0x0000000085fe0000)
 tenured generation   total 86016K, used 7435K [0x00000000ad150000, 0x00000000b2550000, 0x0000000100000000)
   the space 86016K,   8% used [0x00000000ad150000, 0x00000000ad892d90, 0x00000000ad892e00, 0x00000000b2550000)
 Metaspace       used 23084K, capacity 24758K, committed 24960K, reserved 1071104K
  class space    used 3118K, capacity 3448K, committed 3456K, reserved 1048576K
Event: 4.961 GC heap after
Heap after GC invocations=8 (full 1):
 def new generation   total 38784K, used 722K [0x0000000083a00000, 0x0000000086410000, 0x00000000ad150000)
  eden space 34496K,   0% used [0x0000000083a00000, 0x0000000083a00000, 0x0000000085bb0000)
  from space 4288K,  16% used [0x0000000085bb0000, 0x0000000085c64950, 0x0000000085fe0000)
  to   space 4288K,   0% used [0x0000000085fe0000, 0x0000000085fe0000, 0x0000000086410000)
 tenured generation   total 86016K, used 9026K [0x00000000ad150000, 0x00000000b2550000, 0x0000000100000000)
   the space 86016K,  10% used [0x00000000ad150000, 0x00000000ada209f0, 0x00000000ada20a00, 0x00000000b2550000)
 Metaspace       used 23084K, capacity 24758K, committed 24960K, reserved 1071104K
  class space    used 3118K, capacity 3448K, committed 3456K, reserved 1048576K
}
Event: 5.223 GC heap before
{Heap before GC invocations=8 (full 1):
 def new generation   total 38784K, used 35218K [0x0000000083a00000, 0x0000000086410000, 0x00000000ad150000)
  eden space 34496K, 100% used [0x0000000083a00000, 0x0000000085bb0000, 0x0000000085bb0000)
  from space 4288K,  16% used [0x0000000085bb0000, 0x0000000085c64950, 0x0000000085fe0000)
  to   space 4288K,   0% used [0x0000000085fe0000, 0x0000000085fe0000, 0x0000000086410000)
 tenured generation   total 86016K, used 9026K [0x00000000ad150000, 0x00000000b2550000, 0x0000000100000000)
   the space 86016K,  10% used [0x00000000ad150000, 0x00000000ada209f0, 0x00000000ada20a00, 0x00000000b2550000)
 Metaspace       used 26514K, capacity 28412K, committed 28544K, reserved 1073152K
  class space    used 3566K, capacity 3931K, committed 3968K, reserved 1048576K
Event: 5.229 GC heap after
Heap after GC invocations=9 (full 1):
 def new generation   total 38784K, used 4287K [0x0000000083a00000, 0x0000000086410000, 0x00000000ad150000)
  eden space 34496K,   0% used [0x0000000083a00000, 0x0000000083a00000, 0x0000000085bb0000)
  from space 4288K,  99% used [0x0000000085fe0000, 0x000000008640fff0, 0x0000000086410000)
  to   space 4288K,   0% used [0x0000000085bb0000, 0x0000000085bb0000, 0x0000000085fe0000)
 tenured generation   total 86016K, used 9544K [0x00000000ad150000, 0x00000000b2550000, 0x0000000100000000)
   the space 86016K,  11% used [0x00000000ad150000, 0x00000000adaa2290, 0x00000000adaa2400, 0x00000000b2550000)
 Metaspace       used 26514K, capacity 28412K, committed 28544K, reserved 1073152K
  class space    used 3566K, capacity 3931K, committed 3968K, reserved 1048576K
}
Event: 9.148 GC heap before
{Heap before GC invocations=9 (full 1):
 def new generation   total 38784K, used 38783K [0x0000000083a00000, 0x0000000086410000, 0x00000000ad150000)
  eden space 34496K, 100% used [0x0000000083a00000, 0x0000000085bb0000, 0x0000000085bb0000)
  from space 4288K,  99% used [0x0000000085fe0000, 0x000000008640fff0, 0x0000000086410000)
  to   space 4288K,   0% used [0x0000000085bb0000, 0x0000000085bb0000, 0x0000000085fe0000)
 tenured generation   total 86016K, used 9544K [0x00000000ad150000, 0x00000000b2550000, 0x0000000100000000)
   the space 86016K,  11% used [0x00000000ad150000, 0x00000000adaa2290, 0x00000000adaa2400, 0x00000000b2550000)
 Metaspace       used 29765K, capacity 32052K, committed 32128K, reserved 1077248K
  class space    used 4018K, capacity 4442K, committed 4480K, reserved 1048576K
Event: 9.164 GC heap after
Heap after GC invocations=10 (full 1):
 def new generation   total 38784K, used 3614K [0x0000000083a00000, 0x0000000086410000, 0x00000000ad150000)
  eden space 34496K,   0% used [0x0000000083a00000, 0x0000000083a00000, 0x0000000085bb0000)
  from space 4288K,  84% used [0x0000000085bb0000, 0x0000000085f37910, 0x0000000085fe0000)
  to   space 4288K,   0% used [0x0000000085fe0000, 0x0000000085fe0000, 0x0000000086410000)
 tenured generation   total 86016K, used 11412K [0x00000000ad150000, 0x00000000b2550000, 0x0000000100000000)
   the space 86016K,  13% used [0x00000000ad150000, 0x00000000adc752d0, 0x00000000adc75400, 0x00000000b2550000)
 Metaspace       used 29765K, capacity 32052K, committed 32128K, reserved 1077248K
  class space    used 4018K, capacity 4442K, committed 4480K, reserved 1048576K
}

