# JRE version: OpenJDK Runtime Environment (8.0_312-b07) (build 1.8.0_312-8u312-b07-0ubuntu1~18.04-b07)
# Java VM: OpenJDK 64-Bit Server VM (25.312-b07 mixed mode linux-amd64 compressed oops)
Heap:
 def new generation   total 38784K, used 35550K [0x0000000083a00000, 0x0000000086410000, 0x00000000ad150000)
  eden space 34496K,  90% used [0x0000000083a00000, 0x0000000085887ab0, 0x0000000085bb0000)
  from space 4288K,  99% used [0x0000000085fe0000, 0x000000008640fff8, 0x0000000086410000)
  to   space 4288K,   0% used [0x0000000085bb0000, 0x0000000085bb0000, 0x0000000085fe0000)
 tenured generation   total 86016K, used 9138K [0x00000000ad150000, 0x00000000b2550000, 0x0000000100000000)
   the space 86016K,  10% used [0x00000000ad150000, 0x00000000ada3c8b8, 0x00000000ada3ca00, 0x00000000b2550000)
 Metaspace       used 29491K, capacity 31704K, committed 31872K, reserved 1077248K
  class space    used 3978K, capacity 4400K, committed 4480K, reserved 1048576K
GC Heap History (10 events):
Event: 4.670 GC heap before
{Heap before GC invocations=4 (full 0):
 def new generation   total 38720K, used 36903K [0x0000000083a00000, 0x0000000086400000, 0x00000000ad150000)
  eden space 34432K, 100% used [0x0000000083a00000, 0x0000000085ba0000, 0x0000000085ba0000)
  from space 4288K,  57% used [0x0000000085ba0000, 0x0000000085e09fb0, 0x0000000085fd0000)
  to   space 4288K,   0% used [0x0000000085fd0000, 0x0000000085fd0000, 0x0000000086400000)
 tenured generation   total 86016K, used 3702K [0x00000000ad150000, 0x00000000b2550000, 0x0000000100000000)
   the space 86016K,   4% used [0x00000000ad150000, 0x00000000ad4ed938, 0x00000000ad4eda00, 0x00000000b2550000)
 Metaspace       used 19244K, capacity 20254K, committed 20480K, reserved 1067008K
  class space    used 2569K, capacity 2769K, committed 2816K, reserved 1048576K
Event: 4.690 GC heap after
Heap after GC invocations=5 (full 0):
 def new generation   total 38720K, used 4077K [0x0000000083a00000, 0x0000000086400000, 0x00000000ad150000)
  eden space 34432K,   0% used [0x0000000083a00000, 0x0000000083a00000, 0x0000000085ba0000)
  from space 4288K,  95% used [0x0000000085fd0000, 0x00000000863cb688, 0x0000000086400000)
  to   space 4288K,   0% used [0x0000000085ba0000, 0x0000000085ba0000, 0x0000000085fd0000)
 tenured generation   total 86016K, used 4266K [0x00000000ad150000, 0x00000000b2550000, 0x0000000100000000)
   the space 86016K,   4% used [0x00000000ad150000, 0x00000000ad57a9e0, 0x00000000ad57aa00, 0x00000000b2550000)
 Metaspace       used 19244K, capacity 20254K, committed 20480K, reserved 1067008K
  class space    used 2569K, capacity 2769K, committed 2816K, reserved 1048576K
}
Event: 5.037 GC heap before
{Heap before GC invocations=5 (full 0):
 def new generation   total 38720K, used 15206K [0x0000000083a00000, 0x0000000086400000, 0x00000000ad150000)
  eden space 34432K,  32% used [0x0000000083a00000, 0x00000000844de328, 0x0000000085ba0000)
  from space 4288K,  95% used [0x0000000085fd0000, 0x00000000863cb688, 0x0000000086400000)
  to   space 4288K,   0% used [0x0000000085ba0000, 0x0000000085ba0000, 0x0000000085fd0000)
 tenured generation   total 86016K, used 4266K [0x00000000ad150000, 0x00000000b2550000, 0x0000000100000000)
   the space 86016K,   4% used [0x00000000ad150000, 0x00000000ad57a9e0, 0x00000000ad57aa00, 0x00000000b2550000)
 Metaspace       used 20018K, capacity 21074K, committed 21248K, reserved 1067008K
  class space    used 2689K, capacity 2945K, committed 3072K, reserved 1048576K
Event: 5.150 GC heap after
Heap after GC invocations=6 (full 1):
 def new generation   total 38784K, used 0K [0x0000000083a00000, 0x0000000086410000, 0x00000000ad150000)
  eden space 34496K,   0% used [0x0000000083a00000, 0x0000000083a00000, 0x0000000085bb0000)
  from space 4288K,   0% used [0x0000000085bb0000, 0x0000000085bb0000, 0x0000000085fe0000)
  to   space 4288K,   0% used [0x0000000085fe0000, 0x0000000085fe0000, 0x0000000086410000)
 tenured generation   total 86016K, used 7104K [0x00000000ad150000, 0x00000000b2550000, 0x0000000100000000)
   the space 86016K,   8% used [0x00000000ad150000, 0x00000000ad840050, 0x00000000ad840200, 0x00000000b2550000)
 Metaspace       used 20018K, capacity 21074K, committed 21248K, reserved 1067008K
  class space    used 2689K, capacity 2945K, committed 3072K, reserved 1048576K
}
Event: 5.672 GC heap before
{Heap before GC invocations=6 (full 1):
 def new generation   total 38784K, used 34466K [0x0000000083a00000, 0x0000000086410000, 0x00000000ad150000)
  eden space 34496K,  99% used [0x0000000083a00000, 0x0000000085ba8bc8, 0x0000000085bb0000)
  from space 4288K,   0% used [0x0000000085bb0000, 0x0000000085bb0000, 0x0000000085fe0000)
  to   space 4288K,   0% used [0x0000000085fe0000, 0x0000000085fe0000, 0x0000000086410000)
 tenured generation   total 86016K, used 7104K [0x00000000ad150000, 0x00000000b2550000, 0x0000000100000000)
   the space 86016K,   8% used [0x00000000ad150000, 0x00000000ad840050, 0x00000000ad840200, 0x00000000b2550000)
 Metaspace       used 22620K, capacity 24254K, committed 24448K, reserved 1071104K
  class space    used 3051K, capacity 3371K, committed 3456K, reserved 1048576K
Event: 5.676 GC heap after
Heap after GC invocations=7 (full 1):
 def new generation   total 38784K, used 3443K [0x0000000083a00000, 0x0000000086410000, 0x00000000ad150000)
  eden space 34496K,   0% used [0x0000000083a00000, 0x0000000083a00000, 0x0000000085bb0000)
  from space 4288K,  80% used [0x0000000085fe0000, 0x000000008633cef0, 0x0000000086410000)
  to   space 4288K,   0% used [0x0000000085bb0000, 0x0000000085bb0000, 0x0000000085fe0000)
 tenured generation   total 86016K, used 7104K [0x00000000ad150000, 0x00000000b2550000, 0x0000000100000000)
   the space 86016K,   8% used [0x00000000ad150000, 0x00000000ad840050, 0x00000000ad840200, 0x00000000b2550000)
 Metaspace       used 22620K, capacity 24254K, committed 24448K, reserved 1071104K
  class space    used 3051K, capacity 3371K, committed 3456K, reserved 1048576K
}
Event: 5.718 GC heap before
{Heap before GC invocations=7 (full 1):
 def new generation   total 38784K, used 37939K [0x0000000083a00000, 0x0000000086410000, 0x00000000ad150000)
  eden space 34496K, 100% used [0x0000000083a00000, 0x0000000085bb0000, 0x0000000085bb0000)
  from space 4288K,  80% used [0x0000000085fe0000, 0x000000008633cef0, 0x0000000086410000)
  to   space 4288K,   0% used [0x0000000085bb0000, 0x0000000085bb0000, 0x0000000085fe0000)
 tenured generation   total 86016K, used 7104K [0x00000000ad150000, 0x00000000b2550000, 0x0000000100000000)
   the space 86016K,   8% used [0x00000000ad150000, 0x00000000ad840050, 0x00000000ad840200, 0x00000000b2550000)
 Metaspace       used 23091K, capacity 24814K, committed 25088K, reserved 1071104K
  class space    used 3124K, capacity 3458K, committed 3584K, reserved 1048576K
Event: 5.722 GC heap after
Heap after GC invocations=8 (full 1):
 def new generation   total 38784K, used 733K [0x0000000083a00000, 0x0000000086410000, 0x00000000ad150000)
  eden space 34496K,   0% used [0x0000000083a00000, 0x0000000083a00000, 0x0000000085bb0000)
  from space 4288K,  17% used [0x0000000085bb0000, 0x0000000085c675c0, 0x0000000085fe0000)
  to   space 4288K,   0% used [0x0000000085fe0000, 0x0000000085fe0000, 0x0000000086410000)
 tenured generation   total 86016K, used 8652K [0x00000000ad150000, 0x00000000b2550000, 0x0000000100000000)
   the space 86016K,  10% used [0x00000000ad150000, 0x00000000ad9c30c0, 0x00000000ad9c3200, 0x00000000b2550000)
 Metaspace       used 23091K, capacity 24814K, committed 25088K, reserved 1071104K
  class space    used 3124K, capacity 3458K, committed 3584K, reserved 1048576K
}
Event: 5.951 GC heap before
{Heap before GC invocations=8 (full 1):
 def new generation   total 38784K, used 35229K [0x0000000083a00000, 0x0000000086410000, 0x00000000ad150000)
  eden space 34496K, 100% used [0x0000000083a00000, 0x0000000085bb0000, 0x0000000085bb0000)
  from space 4288K,  17% used [0x0000000085bb0000, 0x0000000085c675c0, 0x0000000085fe0000)
  to   space 4288K,   0% used [0x0000000085fe0000, 0x0000000085fe0000, 0x0000000086410000)
 tenured generation   total 86016K, used 8652K [0x00000000ad150000, 0x00000000b2550000, 0x0000000100000000)
   the space 86016K,  10% used [0x00000000ad150000, 0x00000000ad9c30c0, 0x00000000ad9c3200, 0x00000000b2550000)
 Metaspace       used 26484K, capacity 28412K, committed 28544K, reserved 1073152K
  class space    used 3564K, capacity 3931K, committed 3968K, reserved 1048576K
Event: 5.956 GC heap after
Heap after GC invocations=9 (full 1):
 def new generation   total 38784K, used 4287K [0x0000000083a00000, 0x0000000086410000, 0x00000000ad150000)
  eden space 34496K,   0% used [0x0000000083a00000, 0x0000000083a00000, 0x0000000085bb0000)
  from space 4288K,  99% used [0x0000000085fe0000, 0x000000008640fff8, 0x0000000086410000)
  to   space 4288K,   0% used [0x0000000085bb0000, 0x0000000085bb0000, 0x0000000085fe0000)
 tenured generation   total 86016K, used 9138K [0x00000000ad150000, 0x00000000b2550000, 0x0000000100000000)
   the space 86016K,  10% used [0x00000000ad150000, 0x00000000ada3c8b8, 0x00000000ada3ca00, 0x00000000b2550000)
 Metaspace       used 26484K, capacity 28412K, committed 28544K, reserved 1073152K
  class space    used 3564K, capacity 3931K, committed 3968K, reserved 1048576K
}

